Using pre-set license
Built from '2022.3/staging' branch; Version is '2022.3.40f1 (cbdda657d2f0) revision 13360550'; Using compiler version '192829333'; Build Type 'Release'
OS: 'Windows 11  (10.0.22631) 64bit CoreSingleLanguage' Language: 'es' Physical Memory: 15720 MB
BatchMode: 1, IsHumanControllingUs: 0, StartBugReporterOnCrash: 0, Is64bit: 1, IsPro: 1

COMMAND LINE ARGUMENTS:
C:\Program Files\Unity\Hub\Editor\2022.3.40f1\Editor\Unity.exe
-adb2
-batchMode
-noUpm
-name
AssetImportWorker0
-projectPath
D:/Minimundo/MiniMundo
-logFile
Logs/AssetImportWorker0.log
-srvPort
14678
Successfully changed project path to: D:/Minimundo/MiniMundo
D:/Minimundo/MiniMundo
[UnityMemory] Configuration Parameters - Can be set up in boot.config
    "memorysetup-bucket-allocator-granularity=16"
    "memorysetup-bucket-allocator-bucket-count=8"
    "memorysetup-bucket-allocator-block-size=33554432"
    "memorysetup-bucket-allocator-block-count=8"
    "memorysetup-main-allocator-block-size=16777216"
    "memorysetup-thread-allocator-block-size=16777216"
    "memorysetup-gfx-main-allocator-block-size=16777216"
    "memorysetup-gfx-thread-allocator-block-size=16777216"
    "memorysetup-cache-allocator-block-size=4194304"
    "memorysetup-typetree-allocator-block-size=2097152"
    "memorysetup-profiler-bucket-allocator-granularity=16"
    "memorysetup-profiler-bucket-allocator-bucket-count=8"
    "memorysetup-profiler-bucket-allocator-block-size=33554432"
    "memorysetup-profiler-bucket-allocator-block-count=8"
    "memorysetup-profiler-allocator-block-size=16777216"
    "memorysetup-profiler-editor-allocator-block-size=1048576"
    "memorysetup-temp-allocator-size-main=16777216"
    "memorysetup-job-temp-allocator-block-size=2097152"
    "memorysetup-job-temp-allocator-block-size-background=1048576"
    "memorysetup-job-temp-allocator-reduction-small-platforms=262144"
    "memorysetup-allocator-temp-initial-block-size-main=262144"
    "memorysetup-allocator-temp-initial-block-size-worker=262144"
    "memorysetup-temp-allocator-size-background-worker=32768"
    "memorysetup-temp-allocator-size-job-worker=262144"
    "memorysetup-temp-allocator-size-preload-manager=33554432"
    "memorysetup-temp-allocator-size-nav-mesh-worker=65536"
    "memorysetup-temp-allocator-size-audio-worker=65536"
    "memorysetup-temp-allocator-size-cloud-worker=32768"
    "memorysetup-temp-allocator-size-gi-baking-worker=262144"
    "memorysetup-temp-allocator-size-gfx=262144"
Player connection [7716]  Target information:

Player connection [7716]  * "[IP] 10.48.220.240 [Port] 0 [Flags] 2 [Guid] 328499855 [EditorId] 328499855 [Version] 1048832 [Id] WindowsEditor(7,TektiticEel9062) [Debug] 1 [PackageName] WindowsEditor [ProjectName] Editor" 

Player connection [7716] Host joined multi-casting on [225.0.0.222:54997]...
Player connection [7716] Host joined alternative multi-casting on [225.0.0.222:34997]...
[PhysX] Initialized MultithreadedTaskDispatcher with 16 workers.
Refreshing native plugins compatible for Editor in 24.30 ms, found 3 plugins.
Preloading 0 native plugins for Editor in 0.00 ms.
Initialize engine version: 2022.3.40f1 (cbdda657d2f0)
[Subsystems] Discovering subsystems at path C:/Program Files/Unity/Hub/Editor/2022.3.40f1/Editor/Data/Resources/UnitySubsystems
[Subsystems] Discovering subsystems at path D:/Minimundo/MiniMundo/Assets
GfxDevice: creating device client; threaded=0; jobified=0
Direct3D:
    Version:  Direct3D 11.0 [level 11.1]
    Renderer: NVIDIA GeForce RTX 3060 Laptop GPU (ID=0x2560)
    Vendor:   NVIDIA
    VRAM:     5996 MB
    Driver:   32.0.15.5612
Initialize mono
Mono path[0] = 'C:/Program Files/Unity/Hub/Editor/2022.3.40f1/Editor/Data/Managed'
Mono path[1] = 'C:/Program Files/Unity/Hub/Editor/2022.3.40f1/Editor/Data/MonoBleedingEdge/lib/mono/unityjit-win32'
Mono config path = 'C:/Program Files/Unity/Hub/Editor/2022.3.40f1/Editor/Data/MonoBleedingEdge/etc'
Using monoOptions --debugger-agent=transport=dt_socket,embedding=1,server=y,suspend=n,address=127.0.0.1:56188
Begin MonoManager ReloadAssembly
Registering precompiled unity dll's ...
Register platform support module: C:/Program Files/Unity/Hub/Editor/2022.3.40f1/Editor/Data/PlaybackEngines/AndroidPlayer/UnityEditor.Android.Extensions.dll
Register platform support module: C:/Program Files/Unity/Hub/Editor/2022.3.40f1/Editor/Data/PlaybackEngines/WindowsStandaloneSupport/UnityEditor.WindowsStandalone.Extensions.dll
Registered in 0.009448 seconds.
- Loaded All Assemblies, in  0.525 seconds
Native extension for WindowsStandalone target not found
Native extension for Android target not found
Android Extension - Scanning For ADB Devices 474 ms
Mono: successfully reloaded assembly
- Finished resetting the current domain, in  0.988 seconds
Domain Reload Profiling: 1511ms
	BeginReloadAssembly (174ms)
		ExecutionOrderSort (0ms)
		DisableScriptedObjects (0ms)
		BackupInstance (0ms)
		ReleaseScriptingObjects (0ms)
		CreateAndSetChildDomain (1ms)
	RebuildCommonClasses (45ms)
	RebuildNativeTypeToScriptingClass (14ms)
	initialDomainReloadingComplete (81ms)
	LoadAllAssembliesAndSetupDomain (208ms)
		LoadAssemblies (173ms)
		RebuildTransferFunctionScriptingTraits (0ms)
		AnalyzeDomain (205ms)
			TypeCache.Refresh (202ms)
				TypeCache.ScanAssembly (182ms)
			ScanForSourceGeneratedMonoScriptInfo (1ms)
			ResolveRequiredComponents (1ms)
	FinalizeReload (989ms)
		ReleaseScriptCaches (0ms)
		RebuildScriptCaches (0ms)
		SetupLoadedEditorAssemblies (930ms)
			LogAssemblyErrors (0ms)
			InitializePlatformSupportModulesInManaged (637ms)
			SetLoadedEditorAssemblies (6ms)
			RefreshPlugins (0ms)
			BeforeProcessingInitializeOnLoad (3ms)
			ProcessInitializeOnLoadAttributes (208ms)
			ProcessInitializeOnLoadMethodAttributes (76ms)
			AfterProcessingInitializeOnLoad (0ms)
			EditorAssembliesLoaded (0ms)
		ExecutionOrderSort2 (0ms)
		AwakeInstancesAfterBackupRestoration (0ms)
========================================================================
Worker process is ready to serve import requests
Caller must complete domain reload
Begin MonoManager ReloadAssembly
- Loaded All Assemblies, in  0.980 seconds
Native extension for WindowsStandalone target not found
Native extension for Android target not found
Package Manager log level set to [2]
[Package Manager] Server::EnsureServerProcessIsRunning -- launch failed, reason: Unity was launched with the -noUpm command-line argument
[Package Manager] UpmClient::Send -- Unable to send message (not connected to UPM process).
[Package Manager] Cannot connect to Unity Package Manager local server
Mono: successfully reloaded assembly
- Finished resetting the current domain, in  1.014 seconds
Domain Reload Profiling: 1992ms
	BeginReloadAssembly (228ms)
		ExecutionOrderSort (0ms)
		DisableScriptedObjects (7ms)
		BackupInstance (0ms)
		ReleaseScriptingObjects (0ms)
		CreateAndSetChildDomain (32ms)
	RebuildCommonClasses (53ms)
	RebuildNativeTypeToScriptingClass (12ms)
	initialDomainReloadingComplete (62ms)
	LoadAllAssembliesAndSetupDomain (623ms)
		LoadAssemblies (493ms)
		RebuildTransferFunctionScriptingTraits (0ms)
		AnalyzeDomain (269ms)
			TypeCache.Refresh (245ms)
				TypeCache.ScanAssembly (220ms)
			ScanForSourceGeneratedMonoScriptInfo (17ms)
			ResolveRequiredComponents (6ms)
	FinalizeReload (1015ms)
		ReleaseScriptCaches (0ms)
		RebuildScriptCaches (0ms)
		SetupLoadedEditorAssemblies (827ms)
			LogAssemblyErrors (0ms)
			InitializePlatformSupportModulesInManaged (32ms)
			SetLoadedEditorAssemblies (6ms)
			RefreshPlugins (0ms)
			BeforeProcessingInitializeOnLoad (82ms)
			ProcessInitializeOnLoadAttributes (663ms)
			ProcessInitializeOnLoadMethodAttributes (31ms)
			AfterProcessingInitializeOnLoad (13ms)
			EditorAssembliesLoaded (0ms)
		ExecutionOrderSort2 (0ms)
		AwakeInstancesAfterBackupRestoration (8ms)
Launched and connected shader compiler UnityShaderCompiler.exe after 0.12 seconds
Refreshing native plugins compatible for Editor in 11.86 ms, found 3 plugins.
Preloading 0 native plugins for Editor in 0.00 ms.
Unloading 3099 Unused Serialized files (Serialized files now loaded: 0)
Unloading 19 unused Assets / (55.1 KB). Loaded Objects now: 3585.
Memory consumption went from 134.2 MB to 134.2 MB.
Total: 13.082600 ms (FindLiveObjects: 1.354400 ms CreateObjectMapping: 0.432700 ms MarkObjects: 11.107600 ms  DeleteObjects: 0.186000 ms)

AssetImportParameters requested are different than current active one (requested -> active):
  custom:container-demuxer-ogg: 62fdf1f143b41e24485cea50d1cbac27 -> 
  custom:video-codec-MediaFoundation-h265: 746d11721c4dcdbdad8f713fa42b33f4 -> 
  custom:video-decoder-ogg-theora: a1e56fd34408186e4bbccfd4996cb3dc -> 
  custom:framework-win-MediaFoundation: 216162199b28c13a410421893ffa2e32 -> 
  custom:CustomObjectIndexerAttribute: 9a22284fe3817be447336de3de66b15e -> 
  custom:container-demuxer-webm: 4f35f7cbe854078d1ac9338744f61a02 -> 
  custom:container-muxer-webm: aa71ff27fc2769a1b78a27578f13a17b -> 
  custom:video-decoder-webm-vp8: 9c59270c3fd7afecdb556c50c9e8de78 -> 
  custom:SearchIndexIgnoredProperties: e643bd26f0fe6173181afceb89e7c659 -> 
  custom:AudioImporter_EditorPlatform: d09bf68614088b80899f8185d706f6e7 -> 
  custom:video-encoder-webm-vp8: eb34c28f22e8b96e1ab97ce403110664 -> 
  custom:audio-decoder-ogg-vorbis: bf7c407c2cedff20999df2af8eb42d56 -> 
  custom:audio-encoder-webm-vorbis: bf7c407c2cedff20999df2af8eb42d56 -> 
========================================================================
Received Import Request.
  Time since last request: 557645.792846 seconds.
  path: Assets/Assets Usados/New Folder/Paladin
  artifactKey: Guid(a1795462890bc4b429ca47977695fb07) Importer(815301076,1909f56bfc062723c751e8b465ee728b)
Start importing Assets/Assets Usados/New Folder/Paladin using Guid(a1795462890bc4b429ca47977695fb07) Importer(815301076,1909f56bfc062723c751e8b465ee728b) [PhysX] Initialized MultithreadedTaskDispatcher with 16 workers.
 -> (artifact id: 'bafcd1cdd0501fea2db2f9ed6b7d10c7') in 0.004944 seconds
Number of updated asset objects reloaded before import = 0
Number of asset objects unloaded after import = 0
========================================================================
Received Import Request.
  Time since last request: 25.091447 seconds.
  path: Assets/Assets Usados/New Folder/Paladin/draw sword 1.fbx
  artifactKey: Guid(b0c151b59417fc546b28e4308330d3a5) Importer(815301076,1909f56bfc062723c751e8b465ee728b)
Start importing Assets/Assets Usados/New Folder/Paladin/draw sword 1.fbx using Guid(b0c151b59417fc546b28e4308330d3a5) Importer(815301076,1909f56bfc062723c751e8b465ee728b) [PhysX] Initialized MultithreadedTaskDispatcher with 16 workers.
 -> (artifact id: '0307ac5afbe4a59a56e0f1de1a796aed') in 0.046864 seconds
Number of updated asset objects reloaded before import = 0
Number of asset objects unloaded after import = 143
========================================================================
Received Import Request.
  Time since last request: 0.000035 seconds.
  path: Assets/Assets Usados/New Folder/Paladin/sword and shield attack (4).fbx
  artifactKey: Guid(eb541238b2e37e44f8779033925adb94) Importer(815301076,1909f56bfc062723c751e8b465ee728b)
Start importing Assets/Assets Usados/New Folder/Paladin/sword and shield attack (4).fbx using Guid(eb541238b2e37e44f8779033925adb94) Importer(815301076,1909f56bfc062723c751e8b465ee728b) [PhysX] Initialized MultithreadedTaskDispatcher with 16 workers.
 -> (artifact id: '2bee9b6845c6e67bb5b48f94d6ebe474') in 0.008985 seconds
Number of updated asset objects reloaded before import = 0
Number of asset objects unloaded after import = 143
========================================================================
Received Import Request.
  Time since last request: 0.000037 seconds.
  path: Assets/Assets Usados/New Folder/Paladin/sword and shield run (2).fbx
  artifactKey: Guid(0a6c1ad4b7d356d42bac19943332ad64) Importer(815301076,1909f56bfc062723c751e8b465ee728b)
Start importing Assets/Assets Usados/New Folder/Paladin/sword and shield run (2).fbx using Guid(0a6c1ad4b7d356d42bac19943332ad64) Importer(815301076,1909f56bfc062723c751e8b465ee728b) [PhysX] Initialized MultithreadedTaskDispatcher with 16 workers.
 -> (artifact id: '6e896b1f319184a65aa06ba5f258ad9f') in 0.007455 seconds
Number of updated asset objects reloaded before import = 0
Number of asset objects unloaded after import = 143
========================================================================
Received Import Request.
  Time since last request: 0.000066 seconds.
  path: Assets/Assets Usados/New Folder/Paladin/sword and shield strafe.fbx
  artifactKey: Guid(373b94f2f36944d428b9584d1ca261a9) Importer(815301076,1909f56bfc062723c751e8b465ee728b)
Start importing Assets/Assets Usados/New Folder/Paladin/sword and shield strafe.fbx using Guid(373b94f2f36944d428b9584d1ca261a9) Importer(815301076,1909f56bfc062723c751e8b465ee728b) [PhysX] Initialized MultithreadedTaskDispatcher with 16 workers.
 -> (artifact id: '189925779936bfda109c24cdbc51e8fc') in 0.008417 seconds
Number of updated asset objects reloaded before import = 0
Number of asset objects unloaded after import = 143
========================================================================
Received Import Request.
  Time since last request: 0.000080 seconds.
  path: Assets/Assets Usados/New Folder/Paladin/sword and shield strafe (2).fbx
  artifactKey: Guid(f88279505acb7e24eb45b8a2dfbe1750) Importer(815301076,1909f56bfc062723c751e8b465ee728b)
Start importing Assets/Assets Usados/New Folder/Paladin/sword and shield strafe (2).fbx using Guid(f88279505acb7e24eb45b8a2dfbe1750) Importer(815301076,1909f56bfc062723c751e8b465ee728b) [PhysX] Initialized MultithreadedTaskDispatcher with 16 workers.
 -> (artifact id: 'b1b21c68836da6c2118ae752400f37d2') in 0.007376 seconds
Number of updated asset objects reloaded before import = 0
Number of asset objects unloaded after import = 143
========================================================================
Received Import Request.
  Time since last request: 0.000044 seconds.
  path: Assets/Assets Usados/New Folder/Paladin/sword and shield turn (2).fbx
  artifactKey: Guid(6da318687d549c747bd264e5ec0682b2) Importer(815301076,1909f56bfc062723c751e8b465ee728b)
Start importing Assets/Assets Usados/New Folder/Paladin/sword and shield turn (2).fbx using Guid(6da318687d549c747bd264e5ec0682b2) Importer(815301076,1909f56bfc062723c751e8b465ee728b) [PhysX] Initialized MultithreadedTaskDispatcher with 16 workers.
 -> (artifact id: '73f29bdc2dbc4460f456904532cb97c4') in 0.008208 seconds
Number of updated asset objects reloaded before import = 0
Number of asset objects unloaded after import = 143
========================================================================
Received Import Request.
  Time since last request: 0.000034 seconds.
  path: Assets/Assets Usados/New Folder/Paladin/sword and shield idle.fbx
  artifactKey: Guid(660783e85fe76d94cad7fc0c74a1de55) Importer(815301076,1909f56bfc062723c751e8b465ee728b)
Start importing Assets/Assets Usados/New Folder/Paladin/sword and shield idle.fbx using Guid(660783e85fe76d94cad7fc0c74a1de55) Importer(815301076,1909f56bfc062723c751e8b465ee728b) [PhysX] Initialized MultithreadedTaskDispatcher with 16 workers.
 -> (artifact id: '66b486ad32d23bd3f675a22d8535d235') in 0.008207 seconds
Number of updated asset objects reloaded before import = 0
Number of asset objects unloaded after import = 143
========================================================================
Received Import Request.
  Time since last request: 0.000048 seconds.
  path: Assets/Assets Usados/New Folder/Paladin/sword and shield attack (2).fbx
  artifactKey: Guid(86683e624086da747aa68883c85d7621) Importer(815301076,1909f56bfc062723c751e8b465ee728b)
Start importing Assets/Assets Usados/New Folder/Paladin/sword and shield attack (2).fbx using Guid(86683e624086da747aa68883c85d7621) Importer(815301076,1909f56bfc062723c751e8b465ee728b) [PhysX] Initialized MultithreadedTaskDispatcher with 16 workers.
 -> (artifact id: 'c0280e92a6d8739ed3f3d35d0990dc00') in 0.008591 seconds
Number of updated asset objects reloaded before import = 0
Number of asset objects unloaded after import = 143
========================================================================
Received Import Request.
  Time since last request: 0.000292 seconds.
  path: Assets/Assets Usados/New Folder/Paladin/sword and shield attack.fbx
  artifactKey: Guid(25caf82db1bff074299c1d53e8d9965a) Importer(815301076,1909f56bfc062723c751e8b465ee728b)
Start importing Assets/Assets Usados/New Folder/Paladin/sword and shield attack.fbx using Guid(25caf82db1bff074299c1d53e8d9965a) Importer(815301076,1909f56bfc062723c751e8b465ee728b) [PhysX] Initialized MultithreadedTaskDispatcher with 16 workers.
 -> (artifact id: '672a3bac17ecd475ac0d635bd4a57fed') in 0.008654 seconds
Number of updated asset objects reloaded before import = 0
Number of asset objects unloaded after import = 143
========================================================================
Received Import Request.
  Time since last request: 0.000063 seconds.
  path: Assets/Assets Usados/New Folder/Paladin/sword and shield turn.fbx
  artifactKey: Guid(8967bda9f41abb0429a702cb0bccf8f6) Importer(815301076,1909f56bfc062723c751e8b465ee728b)
Start importing Assets/Assets Usados/New Folder/Paladin/sword and shield turn.fbx using Guid(8967bda9f41abb0429a702cb0bccf8f6) Importer(815301076,1909f56bfc062723c751e8b465ee728b) [PhysX] Initialized MultithreadedTaskDispatcher with 16 workers.
 -> (artifact id: '818d5e6d24d07c3d9391a4d020234634') in 0.007731 seconds
Number of updated asset objects reloaded before import = 0
Number of asset objects unloaded after import = 143
========================================================================
Received Import Request.
  Time since last request: 0.000048 seconds.
  path: Assets/Assets Usados/New Folder/Paladin/sword and shield attack (3).fbx
  artifactKey: Guid(03316085eefb8e74c990b97a275a9f0a) Importer(815301076,1909f56bfc062723c751e8b465ee728b)
Start importing Assets/Assets Usados/New Folder/Paladin/sword and shield attack (3).fbx using Guid(03316085eefb8e74c990b97a275a9f0a) Importer(815301076,1909f56bfc062723c751e8b465ee728b) [PhysX] Initialized MultithreadedTaskDispatcher with 16 workers.
 -> (artifact id: '977c05162f26cbadcbe2c4647dc912b4') in 0.008253 seconds
Number of updated asset objects reloaded before import = 0
Number of asset objects unloaded after import = 143
========================================================================
Received Import Request.
  Time since last request: 0.000044 seconds.
  path: Assets/Assets Usados/New Folder/Paladin/sword and shield block (2).fbx
  artifactKey: Guid(3c44af9263ea1ce41a323fbb225823fb) Importer(815301076,1909f56bfc062723c751e8b465ee728b)
Start importing Assets/Assets Usados/New Folder/Paladin/sword and shield block (2).fbx using Guid(3c44af9263ea1ce41a323fbb225823fb) Importer(815301076,1909f56bfc062723c751e8b465ee728b) [PhysX] Initialized MultithreadedTaskDispatcher with 16 workers.
 -> (artifact id: 'd72e6e163935cfa9fe0a972f6619eaae') in 0.010143 seconds
Number of updated asset objects reloaded before import = 0
Number of asset objects unloaded after import = 143
========================================================================
Received Import Request.
  Time since last request: 0.000040 seconds.
  path: Assets/Assets Usados/New Folder/Paladin/sword and shield block idle.fbx
  artifactKey: Guid(c81cdd26c0cbca543993dcf296be3250) Importer(815301076,1909f56bfc062723c751e8b465ee728b)
Start importing Assets/Assets Usados/New Folder/Paladin/sword and shield block idle.fbx using Guid(c81cdd26c0cbca543993dcf296be3250) Importer(815301076,1909f56bfc062723c751e8b465ee728b) [PhysX] Initialized MultithreadedTaskDispatcher with 16 workers.
 -> (artifact id: '187e1d42331c92ab6e51c2d6f6aeab17') in 0.008978 seconds
Number of updated asset objects reloaded before import = 0
Number of asset objects unloaded after import = 143
========================================================================
Received Import Request.
  Time since last request: 0.000039 seconds.
  path: Assets/Assets Usados/New Folder/Paladin/sword and shield death.fbx
  artifactKey: Guid(61cff60c7573cfa4bb6977b4274ab21a) Importer(815301076,1909f56bfc062723c751e8b465ee728b)
Start importing Assets/Assets Usados/New Folder/Paladin/sword and shield death.fbx using Guid(61cff60c7573cfa4bb6977b4274ab21a) Importer(815301076,1909f56bfc062723c751e8b465ee728b) [PhysX] Initialized MultithreadedTaskDispatcher with 16 workers.
 -> (artifact id: 'dc9aa151f54bc2765e809d9746b97153') in 0.008189 seconds
Number of updated asset objects reloaded before import = 0
Number of asset objects unloaded after import = 143
========================================================================
Received Import Request.
  Time since last request: 0.000061 seconds.
  path: Assets/Assets Usados/New Folder/Paladin/sword and shield run.fbx
  artifactKey: Guid(e6006f2748a64f44fad50f761cceda79) Importer(815301076,1909f56bfc062723c751e8b465ee728b)
Start importing Assets/Assets Usados/New Folder/Paladin/sword and shield run.fbx using Guid(e6006f2748a64f44fad50f761cceda79) Importer(815301076,1909f56bfc062723c751e8b465ee728b) [PhysX] Initialized MultithreadedTaskDispatcher with 16 workers.
 -> (artifact id: 'e62a374de87db3feec0c8e4b542ba069') in 0.007396 seconds
Number of updated asset objects reloaded before import = 0
Number of asset objects unloaded after import = 143
========================================================================
Received Import Request.
  Time since last request: 0.000034 seconds.
  path: Assets/Assets Usados/New Folder/Paladin/sword and shield block.fbx
  artifactKey: Guid(eb2130df2cbc6584f860680843318b34) Importer(815301076,1909f56bfc062723c751e8b465ee728b)
Start importing Assets/Assets Usados/New Folder/Paladin/sword and shield block.fbx using Guid(eb2130df2cbc6584f860680843318b34) Importer(815301076,1909f56bfc062723c751e8b465ee728b) [PhysX] Initialized MultithreadedTaskDispatcher with 16 workers.
 -> (artifact id: '186c9be73094f5b766bcba5b5ee3cf22') in 0.008951 seconds
Number of updated asset objects reloaded before import = 0
Number of asset objects unloaded after import = 143
========================================================================
Received Import Request.
  Time since last request: 0.000036 seconds.
  path: Assets/Assets Usados/New Folder/Paladin/sheath sword 1.fbx
  artifactKey: Guid(c16ebe814b7da2748bfa7f013af2877a) Importer(815301076,1909f56bfc062723c751e8b465ee728b)
Start importing Assets/Assets Usados/New Folder/Paladin/sheath sword 1.fbx using Guid(c16ebe814b7da2748bfa7f013af2877a) Importer(815301076,1909f56bfc062723c751e8b465ee728b) [PhysX] Initialized MultithreadedTaskDispatcher with 16 workers.
 -> (artifact id: 'a919ca723023a5f65df814df3cc4235e') in 0.007854 seconds
Number of updated asset objects reloaded before import = 0
Number of asset objects unloaded after import = 143
Editor requested this worker to shutdown with reason: Scaling down because of idle timeout
TcpMessagingSession - receive error: operation aborted. errorcode: 995, details: La operación de E/S se anuló por una salida de subproceso o por una solicitud de aplicación.
AssetImportWorker is now disconnected from the server
Process exiting
Exiting without the bug reporter. Application will terminate with return code 0